[ 2026-04-09 15:03:15,425 ] 1025 httpx - INFO - HTTP Request: GET https://dagshub.com/api/v1/user "HTTP/1.1 200 OK"
[ 2026-04-09 15:03:15,434 ] 107 dagshub - INFO - Accessing as saurabhpandey2108
[ 2026-04-09 15:03:16,588 ] 1025 httpx - INFO - HTTP Request: GET https://dagshub.com/api/v1/repos/saurabhpandey2108/Network-Security "HTTP/1.1 200 OK"
[ 2026-04-09 15:03:17,586 ] 1025 httpx - INFO - HTTP Request: GET https://dagshub.com/api/v1/user "HTTP/1.1 200 OK"
[ 2026-04-09 15:03:17,589 ] 107 dagshub - INFO - Initialized MLflow to track repo "saurabhpandey2108/Network-Security"
[ 2026-04-09 15:03:17,589 ] 107 dagshub - INFO - Repository saurabhpandey2108/Network-Security initialized!
[ 2026-04-09 15:03:26,876 ] 42 root - INFO - Start data Ingestion
[ 2026-04-09 15:03:31,095 ] 65 root - INFO - Performed train test split on the dataframe
[ 2026-04-09 15:03:31,095 ] 67 root - INFO - Exited split_data_as_train_test method of Data_Ingestion class
[ 2026-04-09 15:03:31,095 ] 75 root - INFO - Exporting train and test file path.
[ 2026-04-09 15:03:31,128 ] 84 root - INFO - Exported train and test file path.
[ 2026-04-09 15:03:31,128 ] 45 root - INFO - Data Ingestion completed and artifact: DataIngestionArtifact(trained_file_path='Artifacts\\04_09_2026_15_03_08\\data_ingestion\\ingested\\train.csv', test_file_path='Artifacts\\04_09_2026_15_03_08\\data_ingestion\\ingested\\test.csv')
[ 2026-04-09 15:03:31,131 ] 55 root - INFO - Initiate the data Validation
[ 2026-04-09 15:03:31,143 ] 32 root - INFO - Required number of columns:2
[ 2026-04-09 15:03:31,143 ] 33 root - INFO - Data frame has columns:31
[ 2026-04-09 15:03:31,143 ] 32 root - INFO - Required number of columns:2
[ 2026-04-09 15:03:31,143 ] 33 root - INFO - Data frame has columns:31
[ 2026-04-09 15:03:31,143 ] 53 root - INFO - All required numerical columns are present.
[ 2026-04-09 15:03:31,143 ] 53 root - INFO - All required numerical columns are present.
[ 2026-04-09 15:03:31,227 ] 63 root - INFO - Entered initiate_data_transformation method of DataTransformation class
[ 2026-04-09 15:03:31,227 ] 65 root - INFO - Starting data transformation
[ 2026-04-09 15:03:31,242 ] 48 root - INFO - Entered get_data_trnasformer_object method of Trnasformation class
[ 2026-04-09 15:03:31,242 ] 53 root - INFO - Initialise KNNImputer with {'missing_values': nan, 'n_neighbors': 3, 'weights': 'uniform'}
[ 2026-04-09 15:03:31,250 ] 46 root - INFO - Entered the save_object method of MainUtils class
[ 2026-04-09 15:03:31,252 ] 50 root - INFO - Exited the save_object method of MainUtils class
[ 2026-04-09 15:03:31,252 ] 46 root - INFO - Entered the save_object method of MainUtils class
[ 2026-04-09 15:03:31,254 ] 50 root - INFO - Exited the save_object method of MainUtils class
[ 2026-04-09 15:03:31,255 ] 76 root - INFO - Starting model training. Please note that Grid Search CV could take 10+ minutes to complete...
[ 2026-04-09 15:07:26,192 ] 141 root - INFO - Starting model training and evaluating grid search parameters...
[ 2026-04-09 15:07:26,194 ] 46 root - INFO - Entered the save_object method of MainUtils class
[ 2026-04-09 15:07:26,209 ] 50 root - INFO - Exited the save_object method of MainUtils class
[ 2026-04-09 15:07:26,209 ] 46 root - INFO - Entered the save_object method of MainUtils class
[ 2026-04-09 15:07:26,224 ] 50 root - INFO - Exited the save_object method of MainUtils class
[ 2026-04-09 15:07:26,224 ] 153 root - INFO - Model trainer artifact: ModelTrainerArtifact(trained_model_file_path='Artifacts\\04_09_2026_15_03_08\\model_trainer\\trained_model\\model.pkl', train_metric_artifact=ClassificationMetricArtifact(f1_score=0.991374936580416, precision_score=0.9906712634354087, recall_score=0.9920796100731113), test_metric_artifact=ClassificationMetricArtifact(f1_score=0.9770068576038725, precision_score=0.9719101123595506, recall_score=0.9821573398215734))
