[ 2026-04-08 04:58:15,873 ] 1025 httpx - INFO - HTTP Request: GET https://dagshub.com/api/v1/user "HTTP/1.1 200 OK"
[ 2026-04-08 04:58:15,873 ] 107 dagshub - INFO - Accessing as saurabhpandey2108
[ 2026-04-08 04:58:16,747 ] 1025 httpx - INFO - HTTP Request: GET https://dagshub.com/api/v1/repos/saurabhpandey2108/Network-Security "HTTP/1.1 200 OK"
[ 2026-04-08 04:58:17,623 ] 1025 httpx - INFO - HTTP Request: GET https://dagshub.com/api/v1/user "HTTP/1.1 200 OK"
[ 2026-04-08 04:58:17,630 ] 107 dagshub - INFO - Initialized MLflow to track repo "saurabhpandey2108/Network-Security"
[ 2026-04-08 04:58:17,630 ] 107 dagshub - INFO - Repository saurabhpandey2108/Network-Security initialized!
[ 2026-04-08 04:58:42,382 ] 42 root - INFO - Start data Ingestion
[ 2026-04-08 04:58:46,217 ] 65 root - INFO - Performed train test split on the dataframe
[ 2026-04-08 04:58:46,217 ] 67 root - INFO - Exited split_data_as_train_test method of Data_Ingestion class
[ 2026-04-08 04:58:46,217 ] 75 root - INFO - Exporting train and test file path.
[ 2026-04-08 04:58:46,345 ] 84 root - INFO - Exported train and test file path.
[ 2026-04-08 04:58:46,346 ] 45 root - INFO - Data Ingestion completed and artifact: DataIngestionArtifact(trained_file_path='Artifacts\\04_08_2026_04_58_13\\data_ingestion\\ingested\\train.csv', test_file_path='Artifacts\\04_08_2026_04_58_13\\data_ingestion\\ingested\\test.csv')
[ 2026-04-08 04:58:46,354 ] 55 root - INFO - Initiate the data Validation
[ 2026-04-08 04:58:46,400 ] 32 root - INFO - Required number of columns:2
[ 2026-04-08 04:58:46,400 ] 33 root - INFO - Data frame has columns:31
[ 2026-04-08 04:58:46,400 ] 32 root - INFO - Required number of columns:2
[ 2026-04-08 04:58:46,400 ] 33 root - INFO - Data frame has columns:31
[ 2026-04-08 04:58:46,401 ] 53 root - INFO - All required numerical columns are present.
[ 2026-04-08 04:58:46,401 ] 53 root - INFO - All required numerical columns are present.
[ 2026-04-08 04:58:46,632 ] 63 root - INFO - Entered initiate_data_transformation method of DataTransformation class
[ 2026-04-08 04:58:46,632 ] 65 root - INFO - Starting data transformation
[ 2026-04-08 04:58:46,671 ] 48 root - INFO - Entered get_data_trnasformer_object method of Trnasformation class
[ 2026-04-08 04:58:46,671 ] 53 root - INFO - Initialise KNNImputer with {'missing_values': nan, 'n_neighbors': 3, 'weights': 'uniform'}
[ 2026-04-08 04:58:46,692 ] 46 root - INFO - Entered the save_object method of MainUtils class
[ 2026-04-08 04:58:46,698 ] 50 root - INFO - Exited the save_object method of MainUtils class
[ 2026-04-08 04:58:46,700 ] 46 root - INFO - Entered the save_object method of MainUtils class
[ 2026-04-08 04:58:46,707 ] 50 root - INFO - Exited the save_object method of MainUtils class
[ 2026-04-08 04:58:46,715 ] 76 root - INFO - Starting model training. Please note that Grid Search CV could take 10+ minutes to complete...
[ 2026-04-08 05:02:58,268 ] 141 root - INFO - Starting model training and evaluating grid search parameters...
[ 2026-04-08 05:02:58,268 ] 46 root - INFO - Entered the save_object method of MainUtils class
[ 2026-04-08 05:02:58,284 ] 50 root - INFO - Exited the save_object method of MainUtils class
[ 2026-04-08 05:02:58,284 ] 46 root - INFO - Entered the save_object method of MainUtils class
[ 2026-04-08 05:02:58,300 ] 50 root - INFO - Exited the save_object method of MainUtils class
[ 2026-04-08 05:02:58,300 ] 153 root - INFO - Model trainer artifact: ModelTrainerArtifact(trained_model_file_path='Artifacts\\04_08_2026_04_58_13\\model_trainer\\trained_model\\model.pkl', train_metric_artifact=ClassificationMetricArtifact(f1_score=0.991821713351053, precision_score=0.990404246631278, recall_score=0.9932432432432432), test_metric_artifact=ClassificationMetricArtifact(f1_score=0.9730784237222005, precision_score=0.9666666666666667, recall_score=0.9795758051846033))
