[ 2026-04-08 04:34:07,224 ] 1025 httpx - INFO - HTTP Request: GET https://dagshub.com/api/v1/user "HTTP/1.1 200 OK"
[ 2026-04-08 04:34:07,230 ] 107 dagshub - INFO - Accessing as saurabhpandey2108
[ 2026-04-08 04:34:08,114 ] 1025 httpx - INFO - HTTP Request: GET https://dagshub.com/api/v1/repos/saurabhpandey2108/Network-Security "HTTP/1.1 200 OK"
[ 2026-04-08 04:34:08,961 ] 1025 httpx - INFO - HTTP Request: GET https://dagshub.com/api/v1/user "HTTP/1.1 200 OK"
[ 2026-04-08 04:34:08,962 ] 107 dagshub - INFO - Initialized MLflow to track repo "saurabhpandey2108/Network-Security"
[ 2026-04-08 04:34:08,963 ] 107 dagshub - INFO - Repository saurabhpandey2108/Network-Security initialized!
[ 2026-04-08 04:36:28,971 ] 42 root - INFO - Start data Ingestion
[ 2026-04-08 04:36:32,487 ] 65 root - INFO - Performed train test split on the dataframe
[ 2026-04-08 04:36:32,487 ] 67 root - INFO - Exited split_data_as_train_test method of Data_Ingestion class
[ 2026-04-08 04:36:32,487 ] 75 root - INFO - Exporting train and test file path.
[ 2026-04-08 04:36:32,574 ] 84 root - INFO - Exported train and test file path.
[ 2026-04-08 04:36:32,575 ] 45 root - INFO - Data Ingestion completed and artifact: DataIngestionArtifact(trained_file_path='Artifacts\\04_08_2026_04_34_05\\data_ingestion\\ingested\\train.csv', test_file_path='Artifacts\\04_08_2026_04_34_05\\data_ingestion\\ingested\\test.csv')
[ 2026-04-08 04:36:32,582 ] 55 root - INFO - Initiate the data Validation
[ 2026-04-08 04:36:32,613 ] 32 root - INFO - Required number of columns:2
[ 2026-04-08 04:36:32,613 ] 33 root - INFO - Data frame has columns:31
[ 2026-04-08 04:36:32,613 ] 32 root - INFO - Required number of columns:2
[ 2026-04-08 04:36:32,613 ] 33 root - INFO - Data frame has columns:31
[ 2026-04-08 04:36:32,613 ] 53 root - INFO - All required numerical columns are present.
[ 2026-04-08 04:36:32,613 ] 53 root - INFO - All required numerical columns are present.
[ 2026-04-08 04:36:32,829 ] 63 root - INFO - Entered initiate_data_transformation method of DataTransformation class
[ 2026-04-08 04:36:32,829 ] 65 root - INFO - Starting data transformation
[ 2026-04-08 04:36:32,861 ] 48 root - INFO - Entered get_data_trnasformer_object method of Trnasformation class
[ 2026-04-08 04:36:32,862 ] 53 root - INFO - Initialise KNNImputer with {'missing_values': nan, 'n_neighbors': 3, 'weights': 'uniform'}
[ 2026-04-08 04:36:32,878 ] 46 root - INFO - Entered the save_object method of MainUtils class
[ 2026-04-08 04:36:32,881 ] 50 root - INFO - Exited the save_object method of MainUtils class
[ 2026-04-08 04:36:32,881 ] 46 root - INFO - Entered the save_object method of MainUtils class
[ 2026-04-08 04:36:32,886 ] 50 root - INFO - Exited the save_object method of MainUtils class
[ 2026-04-08 04:36:32,889 ] 76 root - INFO - Starting model training. Please note that Grid Search CV could take 10+ minutes to complete...
[ 2026-04-08 04:41:00,773 ] 141 root - INFO - Starting model training and evaluating grid search parameters...
[ 2026-04-08 04:41:00,773 ] 46 root - INFO - Entered the save_object method of MainUtils class
[ 2026-04-08 04:41:00,834 ] 50 root - INFO - Exited the save_object method of MainUtils class
[ 2026-04-08 04:41:00,834 ] 46 root - INFO - Entered the save_object method of MainUtils class
[ 2026-04-08 04:41:00,893 ] 50 root - INFO - Exited the save_object method of MainUtils class
[ 2026-04-08 04:41:00,894 ] 153 root - INFO - Model trainer artifact: ModelTrainerArtifact(trained_model_file_path='Artifacts\\04_08_2026_04_34_05\\model_trainer\\trained_model\\model.pkl', train_metric_artifact=ClassificationMetricArtifact(f1_score=0.9910514541387024, precision_score=0.9874366767983789, recall_score=0.9946927944478465), test_metric_artifact=ClassificationMetricArtifact(f1_score=0.9778830963665087, precision_score=0.9717425431711146, recall_score=0.9841017488076311))
